Performing C SOURCE FILE Test CMAKE_HAVE_LIBC_PTHREAD failed with the following output:
Change Dir: /home/leica/Workspace/smt_logger/cmake-build-debug/CMakeFiles/CMakeTmp

Run Build Command(s):/usr/bin/make cmTC_ebdb1/fast && /usr/bin/make -f CMakeFiles/cmTC_ebdb1.dir/build.make CMakeFiles/cmTC_ebdb1.dir/build
make[1]: Entering directory '/home/leica/Workspace/smt_logger/cmake-build-debug/CMakeFiles/CMakeTmp'
Building C object CMakeFiles/cmTC_ebdb1.dir/src.c.o
/usr/bin/cc   -DCMAKE_HAVE_LIBC_PTHREAD   -o CMakeFiles/cmTC_ebdb1.dir/src.c.o   -c /home/leica/Workspace/smt_logger/cmake-build-debug/CMakeFiles/CMakeTmp/src.c
Linking C executable cmTC_ebdb1
/home/leica/Develop/CLion-2019.3.2/clion-2019.3.2/bin/cmake/linux/bin/cmake -E cmake_link_script CMakeFiles/cmTC_ebdb1.dir/link.txt --verbose=1
/usr/bin/cc  -DCMAKE_HAVE_LIBC_PTHREAD    -rdynamic CMakeFiles/cmTC_ebdb1.dir/src.c.o  -o cmTC_ebdb1 
CMakeFiles/cmTC_ebdb1.dir/src.c.o: In function `main':
src.c:(.text+0x3e): undefined reference to `pthread_create'
src.c:(.text+0x4a): undefined reference to `pthread_detach'
src.c:(.text+0x5b): undefined reference to `pthread_join'
src.c:(.text+0x6f): undefined reference to `pthread_atfork'
collect2: error: ld returned 1 exit status
CMakeFiles/cmTC_ebdb1.dir/build.make:86: recipe for target 'cmTC_ebdb1' failed
make[1]: *** [cmTC_ebdb1] Error 1
make[1]: Leaving directory '/home/leica/Workspace/smt_logger/cmake-build-debug/CMakeFiles/CMakeTmp'
Makefile:121: recipe for target 'cmTC_ebdb1/fast' failed
make: *** [cmTC_ebdb1/fast] Error 2


Source file was:
#include <pthread.h>

void* test_func(void* data)
{
  return data;
}

int main(void)
{
  pthread_t thread;
  pthread_create(&thread, NULL, test_func, NULL);
  pthread_detach(thread);
  pthread_join(thread, NULL);
  pthread_atfork(NULL, NULL, NULL);
  pthread_exit(NULL);

  return 0;
}

Determining if the function pthread_create exists in the pthreads failed with the following output:
Change Dir: /home/leica/Workspace/smt_logger/cmake-build-debug/CMakeFiles/CMakeTmp

Run Build Command(s):/usr/bin/make cmTC_10c18/fast && /usr/bin/make -f CMakeFiles/cmTC_10c18.dir/build.make CMakeFiles/cmTC_10c18.dir/build
make[1]: Entering directory '/home/leica/Workspace/smt_logger/cmake-build-debug/CMakeFiles/CMakeTmp'
Building C object CMakeFiles/cmTC_10c18.dir/CheckFunctionExists.c.o
/usr/bin/cc   -DCHECK_FUNCTION_EXISTS=pthread_create   -o CMakeFiles/cmTC_10c18.dir/CheckFunctionExists.c.o   -c /home/leica/Develop/CLion-2019.3.2/clion-2019.3.2/bin/cmake/linux/share/cmake-3.15/Modules/CheckFunctionExists.c
Linking C executable cmTC_10c18
/home/leica/Develop/CLion-2019.3.2/clion-2019.3.2/bin/cmake/linux/bin/cmake -E cmake_link_script CMakeFiles/cmTC_10c18.dir/link.txt --verbose=1
/usr/bin/cc  -DCHECK_FUNCTION_EXISTS=pthread_create    -rdynamic CMakeFiles/cmTC_10c18.dir/CheckFunctionExists.c.o  -o cmTC_10c18 -lpthreads 
/usr/bin/ld: cannot find -lpthreads
collect2: error: ld returned 1 exit status
CMakeFiles/cmTC_10c18.dir/build.make:86: recipe for target 'cmTC_10c18' failed
make[1]: *** [cmTC_10c18] Error 1
make[1]: Leaving directory '/home/leica/Workspace/smt_logger/cmake-build-debug/CMakeFiles/CMakeTmp'
Makefile:121: recipe for target 'cmTC_10c18/fast' failed
make: *** [cmTC_10c18/fast] Error 2



